[2013-05-19 13:19:46] myapp.INFO: > GET / [] []
[2013-05-19 13:20:23] myapp.INFO: > GET / [] []
[2013-05-19 13:20:23] myapp.DEBUG: homepage loaded [] []
[2013-05-19 13:20:23] myapp.INFO: < 200 [] []
[2013-05-19 13:20:32] myapp.INFO: > GET / [] []
[2013-05-19 13:20:49] myapp.INFO: > GET / [] []
[2013-05-19 13:21:00] myapp.INFO: > GET / [] []
[2013-05-19 13:21:06] myapp.INFO: > GET / [] []
[2013-05-19 13:21:06] myapp.INFO: User 'foef' registered. [] []
[2013-05-19 13:21:06] myapp.DEBUG: homepage loaded [] []
[2013-05-19 13:21:06] myapp.INFO: < 200 [] []
[2013-05-19 13:56:11] myapp.INFO: > GET / [] []
[2013-05-19 13:56:11] myapp.INFO: User 'foef' registered. [] []
[2013-05-19 13:56:11] myapp.DEBUG: homepage loaded [] []
[2013-05-19 13:56:11] myapp.INFO: < 200 [] []
[2013-05-19 13:56:12] myapp.INFO: > GET / [] []
[2013-05-19 13:56:12] myapp.INFO: User 'foef' registered. [] []
[2013-05-19 13:56:12] myapp.DEBUG: homepage loaded [] []
[2013-05-19 13:56:12] myapp.INFO: < 200 [] []
[2013-05-19 14:14:59] myapp.INFO: > GET / [] []
[2013-05-19 14:14:59] myapp.INFO: User 'foef' registered. [] []
[2013-05-19 14:14:59] myapp.DEBUG: homepage loaded [] []
[2013-05-19 14:14:59] myapp.INFO: < 200 [] []
[2013-05-19 14:15:42] myapp.INFO: > GET / [] []
[2013-05-19 14:15:52] myapp.INFO: > GET / [] []
[2013-05-19 14:15:57] myapp.INFO: > GET / [] []
[2013-05-19 14:15:57] myapp.INFO: User 'foef' registered. [] []
[2013-05-19 14:15:57] myapp.DEBUG: homepage loaded [] []
[2013-05-19 14:15:57] myapp.INFO: < 200 [] []
[2013-05-19 14:16:15] myapp.INFO: > GET / [] []
[2013-05-19 14:16:15] myapp.INFO: User 'foef' registered. [] []
[2013-05-19 14:16:15] myapp.DEBUG: homepage loaded [] []
[2013-05-19 14:16:15] myapp.INFO: < 200 [] []
[2013-05-19 14:16:18] myapp.INFO: > GET / [] []
[2013-05-19 14:16:21] myapp.INFO: > GET / [] []
[2013-05-19 14:16:24] myapp.INFO: > GET / [] []
[2013-05-19 14:16:31] myapp.INFO: > GET / [] []
[2013-05-19 14:16:31] myapp.INFO: User 'foef' registered. [] []
[2013-05-19 14:16:31] myapp.DEBUG: homepage loaded [] []
[2013-05-19 14:16:31] myapp.INFO: < 200 [] []
[2013-05-19 14:16:34] myapp.INFO: > GET / [] []
[2013-05-19 14:16:39] myapp.INFO: > GET / [] []
[2013-05-19 14:16:39] myapp.INFO: User 'foef' registered. [] []
[2013-05-19 14:16:39] myapp.DEBUG: homepage loaded [] []
[2013-05-19 14:16:39] myapp.INFO: < 200 [] []
[2013-05-19 14:20:20] myapp.INFO: > GET / [] []
[2013-05-19 14:20:33] myapp.INFO: > GET / [] []
[2013-05-19 14:20:33] myapp.INFO: User 'foef' registered. [] []
[2013-05-19 14:20:33] myapp.DEBUG: homepage loaded [] []
[2013-05-19 14:20:33] myapp.INFO: < 200 [] []
[2013-05-19 14:25:21] myapp.INFO: > GET / [] []
[2013-05-19 14:25:31] myapp.INFO: > GET / [] []
[2013-05-19 14:25:44] myapp.INFO: > GET / [] []
[2013-05-19 14:26:23] myapp.INFO: > GET / [] []
[2013-05-19 14:30:05] myapp.INFO: > GET / [] []
[2013-05-19 14:30:12] myapp.INFO: > GET / [] []
[2013-05-19 14:30:30] myapp.INFO: > GET / [] []
[2013-05-19 14:30:34] myapp.INFO: > GET / [] []
[2013-05-19 14:31:34] myapp.INFO: > GET / [] []
[2013-05-19 14:32:07] myapp.INFO: > GET / [] []
[2013-05-19 14:32:12] myapp.INFO: > GET / [] []
[2013-05-19 14:32:30] myapp.INFO: > GET / [] []
[2013-05-19 14:32:37] myapp.INFO: > GET / [] []
[2013-05-19 14:41:06] myapp.INFO: > GET / [] []
[2013-05-19 14:41:06] myapp.INFO: > GET / [] []
[2013-05-19 14:52:39] myapp.INFO: > GET / [] []
[2013-05-19 14:53:06] myapp.INFO: > GET / [] []
[2013-05-19 14:53:52] myapp.INFO: > GET / [] []
[2013-05-19 14:53:53] myapp.INFO: > GET / [] []
[2013-05-19 14:54:06] myapp.INFO: > GET / [] []
[2013-05-19 14:54:20] myapp.INFO: > GET / [] []
[2013-05-19 14:57:00] myapp.INFO: > GET / [] []
[2013-05-19 14:57:00] myapp.DEBUG:  [] []
[2013-05-19 14:57:00] myapp.CRITICAL: PDOException: SQLSTATE[42000] [1049] Unknown database 'backlog' (uncaught exception) at /Users/kendepelchin/Sites/vinyl-silex/vendor/doctrine/dbal/lib/Doctrine/DBAL/Driver/PDOConnection.php line 36 {"exception":"[object] (PDOException: SQLSTATE[42000] [1049] Unknown database 'backlog' at /Users/kendepelchin/Sites/vinyl-silex/vendor/doctrine/dbal/lib/Doctrine/DBAL/Driver/PDOConnection.php:36)"} []
[2013-05-19 14:57:00] myapp.INFO: < 500 [] []
[2013-05-19 14:57:20] myapp.INFO: > GET / [] []
[2013-05-19 14:57:20] myapp.DEBUG:  [] []
[2013-05-19 14:57:20] myapp.DEBUG: homepage loaded [] []
[2013-05-19 14:57:20] myapp.INFO: < 200 [] []
[2013-05-19 14:57:53] myapp.INFO: > GET / [] []
[2013-05-19 14:57:53] myapp.DEBUG: homepage loaded [] []
[2013-05-19 14:57:53] myapp.INFO: < 200 [] []
[2013-05-19 14:58:23] myapp.INFO: > GET / [] []
[2013-05-19 14:58:23] myapp.INFO: Homepage is loaded [] []
[2013-05-19 14:58:23] myapp.DEBUG: homepage loaded [] []
[2013-05-19 14:58:23] myapp.INFO: < 200 [] []
[2013-05-19 14:58:43] myapp.INFO: > GET / [] []
[2013-05-19 14:58:43] myapp.INFO: Homepage is loaded [] []
[2013-05-19 14:58:43] myapp.DEBUG: homepage loaded [] []
[2013-05-19 14:58:43] myapp.INFO: < 200 [] []
[2013-05-19 15:03:31] myapp.INFO: > GET / [] []
[2013-05-19 15:03:31] myapp.INFO: Homepage is loaded [] []
[2013-05-19 15:03:31] myapp.DEBUG: homepage loaded [] []
[2013-05-19 15:03:31] myapp.INFO: < 200 [] []
[2013-05-19 15:03:39] myapp.INFO: > GET / [] []
[2013-05-19 15:03:39] myapp.DEBUG: homepage loaded [] []
[2013-05-19 15:03:39] myapp.INFO: < 200 [] []
[2013-05-19 15:03:40] myapp.INFO: > GET / [] []
[2013-05-19 15:03:40] myapp.DEBUG: homepage loaded [] []
[2013-05-19 15:03:40] myapp.INFO: < 200 [] []
[2013-05-19 15:04:22] myapp.INFO: > GET / [] []
[2013-05-19 15:04:22] myapp.DEBUG: homepage loaded [] []
[2013-05-19 15:04:22] myapp.INFO: < 200 [] []
[2013-05-19 15:04:36] myapp.INFO: > GET / [] []
[2013-05-19 15:05:02] myapp.INFO: > GET / [] []
[2013-05-19 15:05:02] myapp.DEBUG: homepage loaded [] []
[2013-05-19 15:05:02] myapp.INFO: < 200 [] []
[2013-05-19 15:05:42] myapp.INFO: > GET / [] []
[2013-05-19 15:05:42] myapp.DEBUG: homepage loaded [] []
[2013-05-19 15:05:42] myapp.INFO: < 200 [] []
[2013-05-19 15:05:43] myapp.INFO: > GET / [] []
[2013-05-19 15:05:43] myapp.DEBUG: homepage loaded [] []
[2013-05-19 15:05:43] myapp.INFO: < 200 [] []
[2013-05-19 15:05:49] myapp.INFO: > GET / [] []
[2013-05-19 15:05:49] myapp.INFO: Homepage is loaded [] []
[2013-05-19 15:05:49] myapp.DEBUG: homepage loaded [] []
[2013-05-19 15:05:49] myapp.INFO: < 200 [] []
[2013-05-19 15:06:03] myapp.INFO: > GET / [] []
[2013-05-19 15:06:03] myapp.DEBUG: homepage loaded [] []
[2013-05-19 15:06:04] myapp.INFO: < 200 [] []
[2013-05-19 15:06:11] myapp.INFO: > GET / [] []
[2013-05-19 15:06:11] myapp.INFO: Homepage is loaded [] []
[2013-05-19 15:06:11] myapp.DEBUG: homepage loaded [] []
[2013-05-19 15:06:11] myapp.INFO: < 200 [] []
[2013-05-19 15:06:25] myapp.INFO: > GET / [] []
[2013-05-19 15:06:25] myapp.INFO: Homepage is loaded [] []
[2013-05-19 15:06:25] myapp.DEBUG: homepage loaded [] []
[2013-05-19 15:06:25] myapp.INFO: < 200 [] []
[2013-05-19 15:15:16] myapp.INFO: > GET / [] []
[2013-05-19 15:15:16] myapp.DEBUG: homepage loaded [] []
[2013-05-19 15:15:16] myapp.INFO: < 200 [] []
[2013-05-19 15:15:28] myapp.INFO: > GET / [] []
[2013-05-19 15:15:28] myapp.INFO: < 200 [] []
[2013-05-19 15:29:24] myapp.INFO: > GET / [] []
[2013-05-19 15:29:24] myapp.INFO: < 200 [] []
[2013-05-19 15:32:07] myapp.INFO: > GET / [] []
[2013-05-19 15:32:07] myapp.INFO: < 200 [] []
[2013-05-19 15:37:23] myapp.INFO: > GET / [] []
[2013-05-19 15:37:23] myapp.INFO: < 200 [] []
[2013-05-19 15:41:55] myapp.INFO: > GET / [] []
[2013-05-19 15:41:55] myapp.INFO: < 200 [] []
[2013-05-19 15:42:56] myapp.INFO: > GET / [] []
[2013-05-19 15:42:56] myapp.INFO: < 200 [] []
[2013-05-19 15:42:56] myapp.INFO: > GET / [] []
[2013-05-19 15:42:56] myapp.INFO: < 200 [] []
[2013-05-19 15:44:04] myapp.INFO: > GET / [] []
[2013-05-19 15:44:15] myapp.INFO: > GET / [] []
[2013-05-19 15:44:21] myapp.INFO: > GET / [] []
[2013-05-19 15:44:22] myapp.INFO: > GET / [] []
[2013-05-19 15:44:29] myapp.INFO: > GET / [] []
[2013-05-19 15:44:44] myapp.INFO: > GET / [] []
[2013-05-19 15:44:44] myapp.INFO: < 200 [] []
[2013-05-19 15:45:07] myapp.INFO: > GET / [] []
[2013-05-19 15:45:07] myapp.INFO: < 200 [] []
[2013-05-19 15:45:16] myapp.INFO: > GET / [] []
[2013-05-19 16:02:38] myapp.INFO: > GET / [] []
[2013-05-19 16:06:57] myapp.INFO: > GET / [] []
[2013-05-19 16:07:05] myapp.INFO: > GET / [] []
[2013-05-19 16:08:02] myapp.INFO: > GET / [] []
[2013-05-19 16:08:10] myapp.INFO: > GET / [] []
[2013-05-19 16:08:28] myapp.INFO: > GET / [] []
[2013-05-19 16:08:28] myapp.INFO: < 200 [] []
[2013-05-19 16:08:35] myapp.INFO: > GET / [] []
[2013-05-19 16:08:42] myapp.INFO: > GET / [] []
[2013-05-19 16:08:42] myapp.INFO: < 200 [] []
[2013-05-19 16:09:06] myapp.INFO: > GET / [] []
[2013-05-19 16:09:06] myapp.INFO: < 200 [] []
[2013-05-19 16:10:01] myapp.INFO: > GET / [] []
[2013-05-19 16:10:01] myapp.INFO: < 200 [] []
[2013-05-19 16:22:30] myapp.INFO: > GET / [] []
[2013-05-19 16:22:30] myapp.INFO: < 200 [] []
[2013-05-19 16:22:33] myapp.INFO: > GET / [] []
[2013-05-19 16:22:33] myapp.INFO: < 200 [] []
[2013-05-19 16:22:42] myapp.INFO: > GET / [] []
[2013-05-19 16:22:42] myapp.INFO: < 200 [] []
[2013-05-19 16:22:50] myapp.INFO: > GET / [] []
[2013-05-19 16:22:50] myapp.INFO: < 200 [] []
[2013-05-19 16:24:18] myapp.INFO: > GET / [] []
[2013-05-19 16:24:18] myapp.INFO: < 200 [] []
[2013-05-19 16:24:40] myapp.INFO: > GET / [] []
[2013-05-19 16:24:40] myapp.INFO: < 200 [] []
[2013-05-19 16:24:48] myapp.INFO: > GET / [] []
[2013-05-19 16:24:48] myapp.INFO: < 200 [] []
[2013-05-19 16:24:57] myapp.INFO: > GET / [] []
[2013-05-19 16:24:57] myapp.INFO: < 200 [] []
[2013-05-19 16:25:12] myapp.INFO: > GET / [] []
[2013-05-19 16:25:12] myapp.INFO: < 200 [] []
[2013-05-19 16:25:20] myapp.INFO: > GET / [] []
[2013-05-19 16:25:20] myapp.INFO: < 200 [] []
[2013-05-19 16:25:31] myapp.INFO: > GET / [] []
[2013-05-19 16:25:32] myapp.INFO: < 200 [] []
[2013-05-19 16:25:37] myapp.INFO: > GET / [] []
[2013-05-19 16:25:37] myapp.INFO: < 200 [] []
[2013-05-19 16:27:45] myapp.INFO: > GET / [] []
[2013-05-19 16:27:45] myapp.INFO: < 200 [] []
[2013-05-19 16:28:26] myapp.INFO: > GET / [] []
[2013-05-19 16:28:26] myapp.INFO: < 200 [] []
[2013-05-19 16:28:34] myapp.INFO: > GET / [] []
[2013-05-19 16:28:34] myapp.INFO: < 200 [] []
[2013-05-19 16:30:17] myapp.INFO: > GET / [] []
[2013-05-19 16:30:17] myapp.INFO: < 200 [] []
[2013-05-19 16:30:26] myapp.INFO: > GET / [] []
[2013-05-19 16:30:26] myapp.INFO: < 200 [] []
[2013-05-19 16:31:12] myapp.INFO: > GET / [] []
[2013-05-19 16:31:12] myapp.INFO: < 200 [] []
[2013-05-19 16:31:15] myapp.ERROR: Symfony\Component\HttpKernel\Exception\NotFoundHttpException: No route found for "GET /discogs" (uncaught exception) at /Users/kendepelchin/Sites/vinyl-silex/vendor/symfony/http-kernel/Symfony/Component/HttpKernel/EventListener/RouterListener.php line 94 {"exception":"[object] (Symfony\\Component\\HttpKernel\\Exception\\NotFoundHttpException: No route found for \"GET /discogs\" at /Users/kendepelchin/Sites/vinyl-silex/vendor/symfony/http-kernel/Symfony/Component/HttpKernel/EventListener/RouterListener.php:94, Symfony\\Component\\Routing\\Exception\\ResourceNotFoundException:  at /Users/kendepelchin/Sites/vinyl-silex/vendor/symfony/routing/Symfony/Component/Routing/Matcher/UrlMatcher.php:91)"} []
[2013-05-19 16:31:15] myapp.INFO: < 404 [] []
[2013-05-19 16:31:45] myapp.INFO: > GET /discogs [] []
[2013-05-19 16:31:46] myapp.CRITICAL: LogicException: The controller must return a response (null given). Did you forget to add a return statement somewhere in your controller? (uncaught exception) at /Users/kendepelchin/Sites/vinyl-silex/vendor/symfony/http-kernel/Symfony/Component/HttpKernel/HttpKernel.php line 147 {"exception":"[object] (LogicException: The controller must return a response (null given). Did you forget to add a return statement somewhere in your controller? at /Users/kendepelchin/Sites/vinyl-silex/vendor/symfony/http-kernel/Symfony/Component/HttpKernel/HttpKernel.php:147)"} []
[2013-05-19 16:31:46] myapp.INFO: < 500 [] []
[2013-05-19 16:32:05] myapp.INFO: > GET / [] []
[2013-05-19 16:32:05] myapp.INFO: < 200 [] []
[2013-05-19 16:32:40] myapp.INFO: > GET / [] []
[2013-05-19 16:32:40] myapp.INFO: < 200 [] []
[2013-05-19 16:32:41] myapp.INFO: > GET / [] []
[2013-05-19 16:32:41] myapp.INFO: < 200 [] []
[2013-05-19 16:32:49] myapp.INFO: > GET / [] []
[2013-05-19 16:32:49] myapp.INFO: < 200 [] []
[2013-05-19 16:32:50] myapp.INFO: > GET /discogs [] []
[2013-05-19 16:32:50] myapp.CRITICAL: LogicException: The controller must return a response (null given). Did you forget to add a return statement somewhere in your controller? (uncaught exception) at /Users/kendepelchin/Sites/vinyl-silex/vendor/symfony/http-kernel/Symfony/Component/HttpKernel/HttpKernel.php line 147 {"exception":"[object] (LogicException: The controller must return a response (null given). Did you forget to add a return statement somewhere in your controller? at /Users/kendepelchin/Sites/vinyl-silex/vendor/symfony/http-kernel/Symfony/Component/HttpKernel/HttpKernel.php:147)"} []
[2013-05-19 16:32:50] myapp.INFO: < 500 [] []
[2013-05-19 16:33:50] myapp.INFO: > GET /discogs [] []
[2013-05-19 16:33:50] myapp.CRITICAL: LogicException: The controller must return a response (null given). Did you forget to add a return statement somewhere in your controller? (uncaught exception) at /Users/kendepelchin/Sites/vinyl-silex/vendor/symfony/http-kernel/Symfony/Component/HttpKernel/HttpKernel.php line 147 {"exception":"[object] (LogicException: The controller must return a response (null given). Did you forget to add a return statement somewhere in your controller? at /Users/kendepelchin/Sites/vinyl-silex/vendor/symfony/http-kernel/Symfony/Component/HttpKernel/HttpKernel.php:147)"} []
[2013-05-19 16:33:50] myapp.INFO: < 500 [] []
[2013-05-19 16:35:01] myapp.INFO: > GET /discogs [] []
[2013-05-19 16:35:02] myapp.CRITICAL: LogicException: The controller must return a response (null given). Did you forget to add a return statement somewhere in your controller? (uncaught exception) at /Users/kendepelchin/Sites/vinyl-silex/vendor/symfony/http-kernel/Symfony/Component/HttpKernel/HttpKernel.php line 147 {"exception":"[object] (LogicException: The controller must return a response (null given). Did you forget to add a return statement somewhere in your controller? at /Users/kendepelchin/Sites/vinyl-silex/vendor/symfony/http-kernel/Symfony/Component/HttpKernel/HttpKernel.php:147)"} []
[2013-05-19 16:35:02] myapp.INFO: < 500 [] []
[2013-05-19 16:35:03] myapp.INFO: > GET /discogs [] []
[2013-05-19 16:35:03] myapp.CRITICAL: LogicException: The controller must return a response (null given). Did you forget to add a return statement somewhere in your controller? (uncaught exception) at /Users/kendepelchin/Sites/vinyl-silex/vendor/symfony/http-kernel/Symfony/Component/HttpKernel/HttpKernel.php line 147 {"exception":"[object] (LogicException: The controller must return a response (null given). Did you forget to add a return statement somewhere in your controller? at /Users/kendepelchin/Sites/vinyl-silex/vendor/symfony/http-kernel/Symfony/Component/HttpKernel/HttpKernel.php:147)"} []
[2013-05-19 16:35:03] myapp.INFO: < 500 [] []
[2013-05-19 16:38:24] myapp.INFO: > GET /discogs [] []
[2013-05-19 16:38:24] myapp.CRITICAL: LogicException: The controller must return a response (null given). Did you forget to add a return statement somewhere in your controller? (uncaught exception) at /Users/kendepelchin/Sites/vinyl-silex/vendor/symfony/http-kernel/Symfony/Component/HttpKernel/HttpKernel.php line 147 {"exception":"[object] (LogicException: The controller must return a response (null given). Did you forget to add a return statement somewhere in your controller? at /Users/kendepelchin/Sites/vinyl-silex/vendor/symfony/http-kernel/Symfony/Component/HttpKernel/HttpKernel.php:147)"} []
[2013-05-19 16:38:24] myapp.INFO: < 500 [] []
[2013-05-19 16:38:31] myapp.INFO: > GET /discogs [] []
[2013-05-19 16:38:31] myapp.CRITICAL: LogicException: The controller must return a response (Object(Discogs\Service) given). (uncaught exception) at /Users/kendepelchin/Sites/vinyl-silex/vendor/symfony/http-kernel/Symfony/Component/HttpKernel/HttpKernel.php line 147 {"exception":"[object] (LogicException: The controller must return a response (Object(Discogs\\Service) given). at /Users/kendepelchin/Sites/vinyl-silex/vendor/symfony/http-kernel/Symfony/Component/HttpKernel/HttpKernel.php:147)"} []
[2013-05-19 16:38:31] myapp.INFO: < 500 [] []
[2013-05-19 16:38:41] myapp.INFO: > GET /discogs [] []
[2013-05-19 16:38:41] myapp.CRITICAL: LogicException: The controller must return a response (Object(Discogs\Service) given). (uncaught exception) at /Users/kendepelchin/Sites/vinyl-silex/vendor/symfony/http-kernel/Symfony/Component/HttpKernel/HttpKernel.php line 147 {"exception":"[object] (LogicException: The controller must return a response (Object(Discogs\\Service) given). at /Users/kendepelchin/Sites/vinyl-silex/vendor/symfony/http-kernel/Symfony/Component/HttpKernel/HttpKernel.php:147)"} []
[2013-05-19 16:38:41] myapp.INFO: < 500 [] []
[2013-05-19 19:57:17] myapp.INFO: > GET /discogs [] []
[2013-05-19 19:57:17] myapp.CRITICAL: LogicException: The controller must return a response (Object(Discogs\Service) given). (uncaught exception) at /Users/kendepelchin/Sites/vinyl-silex/vendor/symfony/http-kernel/Symfony/Component/HttpKernel/HttpKernel.php line 147 {"exception":"[object] (LogicException: The controller must return a response (Object(Discogs\\Service) given). at /Users/kendepelchin/Sites/vinyl-silex/vendor/symfony/http-kernel/Symfony/Component/HttpKernel/HttpKernel.php:147)"} []
[2013-05-19 19:57:17] myapp.INFO: < 500 [] []
[2013-05-19 19:57:26] myapp.INFO: > GET /discogs [] []
[2013-05-19 19:57:26] myapp.CRITICAL: LogicException: The controller must return a response (Object(Discogs\Service) given). (uncaught exception) at /Users/kendepelchin/Sites/vinyl-silex/vendor/symfony/http-kernel/Symfony/Component/HttpKernel/HttpKernel.php line 147 {"exception":"[object] (LogicException: The controller must return a response (Object(Discogs\\Service) given). at /Users/kendepelchin/Sites/vinyl-silex/vendor/symfony/http-kernel/Symfony/Component/HttpKernel/HttpKernel.php:147)"} []
[2013-05-19 19:57:27] myapp.INFO: < 500 [] []
[2013-05-19 19:57:51] myapp.INFO: > GET /discogs [] []
[2013-05-19 19:58:03] myapp.INFO: > GET /discogs [] []
[2013-05-19 19:58:11] myapp.INFO: > GET /discogs [] []
[2013-05-19 19:58:19] myapp.INFO: > GET /discogs [] []
[2013-05-19 19:58:20] myapp.CRITICAL: LogicException: The controller must return a response (Object(Discogs\Service) given). (uncaught exception) at /Users/kendepelchin/Sites/vinyl-silex/vendor/symfony/http-kernel/Symfony/Component/HttpKernel/HttpKernel.php line 147 {"exception":"[object] (LogicException: The controller must return a response (Object(Discogs\\Service) given). at /Users/kendepelchin/Sites/vinyl-silex/vendor/symfony/http-kernel/Symfony/Component/HttpKernel/HttpKernel.php:147)"} []
[2013-05-19 19:58:20] myapp.INFO: < 500 [] []
[2013-05-19 19:58:24] myapp.INFO: > GET /discogs [] []
[2013-05-19 19:58:25] myapp.CRITICAL: LogicException: The controller must return a response (Object(Discogs\Service) given). (uncaught exception) at /Users/kendepelchin/Sites/vinyl-silex/vendor/symfony/http-kernel/Symfony/Component/HttpKernel/HttpKernel.php line 147 {"exception":"[object] (LogicException: The controller must return a response (Object(Discogs\\Service) given). at /Users/kendepelchin/Sites/vinyl-silex/vendor/symfony/http-kernel/Symfony/Component/HttpKernel/HttpKernel.php:147)"} []
[2013-05-19 19:58:25] myapp.INFO: < 500 [] []
[2013-05-19 19:58:31] myapp.INFO: > GET /discogs [] []
[2013-05-19 19:58:32] myapp.CRITICAL: LogicException: The controller must return a response (Object(Discogs\Service) given). (uncaught exception) at /Users/kendepelchin/Sites/vinyl-silex/vendor/symfony/http-kernel/Symfony/Component/HttpKernel/HttpKernel.php line 147 {"exception":"[object] (LogicException: The controller must return a response (Object(Discogs\\Service) given). at /Users/kendepelchin/Sites/vinyl-silex/vendor/symfony/http-kernel/Symfony/Component/HttpKernel/HttpKernel.php:147)"} []
[2013-05-19 19:58:32] myapp.INFO: < 500 [] []
[2013-05-19 19:58:33] myapp.INFO: > GET /discogs [] []
[2013-05-19 19:58:34] myapp.CRITICAL: LogicException: The controller must return a response (Object(Discogs\Service) given). (uncaught exception) at /Users/kendepelchin/Sites/vinyl-silex/vendor/symfony/http-kernel/Symfony/Component/HttpKernel/HttpKernel.php line 147 {"exception":"[object] (LogicException: The controller must return a response (Object(Discogs\\Service) given). at /Users/kendepelchin/Sites/vinyl-silex/vendor/symfony/http-kernel/Symfony/Component/HttpKernel/HttpKernel.php:147)"} []
[2013-05-19 19:58:34] myapp.INFO: < 500 [] []
[2013-05-19 19:58:38] myapp.INFO: > GET /discogs [] []
[2013-05-19 19:58:39] myapp.CRITICAL: LogicException: The controller must return a response (Object(Discogs\Service) given). (uncaught exception) at /Users/kendepelchin/Sites/vinyl-silex/vendor/symfony/http-kernel/Symfony/Component/HttpKernel/HttpKernel.php line 147 {"exception":"[object] (LogicException: The controller must return a response (Object(Discogs\\Service) given). at /Users/kendepelchin/Sites/vinyl-silex/vendor/symfony/http-kernel/Symfony/Component/HttpKernel/HttpKernel.php:147)"} []
[2013-05-19 19:58:39] myapp.INFO: < 500 [] []
[2013-05-19 19:58:50] myapp.INFO: > GET /discogs [] []
[2013-05-19 19:58:50] myapp.CRITICAL: LogicException: The controller must return a response (Object(Discogs\Service) given). (uncaught exception) at /Users/kendepelchin/Sites/vinyl-silex/vendor/symfony/http-kernel/Symfony/Component/HttpKernel/HttpKernel.php line 147 {"exception":"[object] (LogicException: The controller must return a response (Object(Discogs\\Service) given). at /Users/kendepelchin/Sites/vinyl-silex/vendor/symfony/http-kernel/Symfony/Component/HttpKernel/HttpKernel.php:147)"} []
[2013-05-19 19:58:50] myapp.INFO: < 500 [] []
[2013-05-20 11:14:53] myapp.INFO: > GET /discogs [] []
[2013-05-20 11:14:53] myapp.CRITICAL: Discogs\NoResultException: Artist not found. (uncaught exception) at /Users/kendepelchin/Sites/vinyl-silex/vendor/ricbra/php-discogs-api/lib/Discogs/Service.php line 259 {"exception":"[object] (Discogs\\NoResultException: Artist not found. at /Users/kendepelchin/Sites/vinyl-silex/vendor/ricbra/php-discogs-api/lib/Discogs/Service.php:259)"} []
[2013-05-20 11:14:53] myapp.INFO: < 500 [] []
[2013-05-20 11:14:59] myapp.INFO: > GET /discogs [] []
[2013-05-20 11:14:59] myapp.CRITICAL: Discogs\NoResultException: Artist not found. (uncaught exception) at /Users/kendepelchin/Sites/vinyl-silex/vendor/ricbra/php-discogs-api/lib/Discogs/Service.php line 259 {"exception":"[object] (Discogs\\NoResultException: Artist not found. at /Users/kendepelchin/Sites/vinyl-silex/vendor/ricbra/php-discogs-api/lib/Discogs/Service.php:259)"} []
[2013-05-20 11:14:59] myapp.INFO: < 500 [] []
[2013-05-20 11:16:51] myapp.INFO: > GET /discogs [] []
[2013-05-20 11:16:51] myapp.CRITICAL: Discogs\NoResultException: Artist not found. (uncaught exception) at /Users/kendepelchin/Sites/vinyl-silex/vendor/ricbra/php-discogs-api/lib/Discogs/Service.php line 259 {"exception":"[object] (Discogs\\NoResultException: Artist not found. at /Users/kendepelchin/Sites/vinyl-silex/vendor/ricbra/php-discogs-api/lib/Discogs/Service.php:259)"} []
[2013-05-20 11:16:51] myapp.INFO: < 500 [] []
[2013-05-20 11:17:22] myapp.INFO: > GET /discogs [] []
[2013-05-20 11:17:23] myapp.CRITICAL: Discogs\NoResultException: Artist not found. (uncaught exception) at /Users/kendepelchin/Sites/vinyl-silex/vendor/ricbra/php-discogs-api/lib/Discogs/Service.php line 259 {"exception":"[object] (Discogs\\NoResultException: Artist not found. at /Users/kendepelchin/Sites/vinyl-silex/vendor/ricbra/php-discogs-api/lib/Discogs/Service.php:259)"} []
[2013-05-20 11:17:23] myapp.INFO: < 500 [] []
[2013-05-20 11:22:22] myapp.INFO: > GET /discogs [] []
[2013-05-20 11:22:23] myapp.CRITICAL: Discogs\NoResultException: Artist not found. (uncaught exception) at /Users/kendepelchin/Sites/vinyl-silex/vendor/ricbra/php-discogs-api/lib/Discogs/Service.php line 259 {"exception":"[object] (Discogs\\NoResultException: Artist not found. at /Users/kendepelchin/Sites/vinyl-silex/vendor/ricbra/php-discogs-api/lib/Discogs/Service.php:259)"} []
[2013-05-20 11:22:23] myapp.INFO: < 500 [] []
[2013-05-20 11:22:24] myapp.INFO: > GET /discogs [] []
[2013-05-20 11:22:25] myapp.CRITICAL: Discogs\NoResultException: Artist not found. (uncaught exception) at /Users/kendepelchin/Sites/vinyl-silex/vendor/ricbra/php-discogs-api/lib/Discogs/Service.php line 259 {"exception":"[object] (Discogs\\NoResultException: Artist not found. at /Users/kendepelchin/Sites/vinyl-silex/vendor/ricbra/php-discogs-api/lib/Discogs/Service.php:259)"} []
[2013-05-20 11:22:25] myapp.INFO: < 500 [] []
[2013-05-20 11:22:27] myapp.INFO: > GET /discogs [] []
[2013-05-20 11:22:27] myapp.CRITICAL: LogicException: The controller must return a response (Object(Discogs\Service) given). (uncaught exception) at /Users/kendepelchin/Sites/vinyl-silex/vendor/symfony/http-kernel/Symfony/Component/HttpKernel/HttpKernel.php line 147 {"exception":"[object] (LogicException: The controller must return a response (Object(Discogs\\Service) given). at /Users/kendepelchin/Sites/vinyl-silex/vendor/symfony/http-kernel/Symfony/Component/HttpKernel/HttpKernel.php:147)"} []
[2013-05-20 11:22:27] myapp.INFO: < 500 [] []
[2013-05-20 11:23:28] myapp.INFO: > GET /discogs [] []
[2013-05-20 11:23:28] myapp.CRITICAL: LogicException: The controller must return a response (Object(Discogs\Service) given). (uncaught exception) at /Users/kendepelchin/Sites/vinyl-silex/vendor/symfony/http-kernel/Symfony/Component/HttpKernel/HttpKernel.php line 147 {"exception":"[object] (LogicException: The controller must return a response (Object(Discogs\\Service) given). at /Users/kendepelchin/Sites/vinyl-silex/vendor/symfony/http-kernel/Symfony/Component/HttpKernel/HttpKernel.php:147)"} []
[2013-05-20 11:23:28] myapp.INFO: < 500 [] []
[2013-05-20 11:23:29] myapp.INFO: > GET / [] []
[2013-05-20 11:23:29] myapp.INFO: < 200 [] []
[2013-05-20 11:27:35] myapp.INFO: > GET / [] []
[2013-05-20 11:27:35] myapp.INFO: < 200 [] []
[2013-05-20 11:27:37] myapp.INFO: > GET / [] []
[2013-05-20 11:27:37] myapp.INFO: < 200 [] []
[2013-05-20 11:27:41] myapp.ERROR: Symfony\Component\HttpKernel\Exception\NotFoundHttpException: No route found for "GET /dicsogs" (uncaught exception) at /Users/kendepelchin/Sites/vinyl-silex/vendor/symfony/http-kernel/Symfony/Component/HttpKernel/EventListener/RouterListener.php line 94 {"exception":"[object] (Symfony\\Component\\HttpKernel\\Exception\\NotFoundHttpException: No route found for \"GET /dicsogs\" at /Users/kendepelchin/Sites/vinyl-silex/vendor/symfony/http-kernel/Symfony/Component/HttpKernel/EventListener/RouterListener.php:94, Symfony\\Component\\Routing\\Exception\\ResourceNotFoundException:  at /Users/kendepelchin/Sites/vinyl-silex/vendor/symfony/routing/Symfony/Component/Routing/Matcher/UrlMatcher.php:91)"} []
[2013-05-20 11:27:41] myapp.INFO: < 404 [] []
[2013-05-20 11:27:44] myapp.INFO: > GET /discogs [] []
[2013-05-20 11:27:51] myapp.INFO: > GET /discogs [] []
[2013-05-20 11:42:11] myapp.INFO: > GET / [] []
[2013-05-20 11:42:11] myapp.INFO: < 200 [] []
[2013-05-20 11:42:19] myapp.INFO: > GET /discogs [] []
[2013-05-20 12:02:31] myapp.INFO: > GET /discogs [] []
[2013-05-20 12:02:32] myapp.INFO: > GET /discogs [] []
[2013-05-20 12:02:44] myapp.INFO: > GET / [] []
[2013-05-20 12:02:44] myapp.INFO: < 200 [] []
[2013-05-20 12:03:13] myapp.INFO: > GET / [] []
[2013-05-20 12:03:13] myapp.INFO: < 200 [] []
[2013-05-20 12:06:09] myapp.INFO: > GET / [] []
[2013-05-20 12:06:09] myapp.INFO: < 200 [] []
[2013-05-20 12:20:23] myapp.INFO: > GET / [] []
[2013-05-20 12:20:23] myapp.INFO: < 200 [] []
[2013-05-20 12:20:28] myapp.INFO: > GET / [] []
[2013-05-20 12:20:28] myapp.INFO: < 200 [] []
[2013-05-20 12:31:04] myapp.INFO: > GET / [] []
[2013-05-20 12:31:19] myapp.INFO: > GET / [] []
[2013-05-20 12:31:33] myapp.INFO: > GET / [] []
[2013-05-20 12:31:44] myapp.INFO: > GET / [] []
[2013-05-20 12:31:56] myapp.INFO: > GET / [] []
[2013-05-20 12:32:05] myapp.INFO: > GET / [] []
[2013-05-20 12:32:15] myapp.INFO: > GET / [] []
[2013-05-20 12:32:20] myapp.INFO: > GET / [] []
[2013-05-20 12:33:27] myapp.INFO: > GET / [] []
[2013-05-20 12:33:55] myapp.INFO: > GET / [] []
[2013-05-20 12:40:05] myapp.INFO: > GET / [] []
[2013-05-20 12:40:23] myapp.INFO: > GET / [] []
[2013-05-20 12:47:10] myapp.INFO: > GET / [] []
[2013-05-21 17:22:20] myapp.INFO: > GET / [] []
[2013-05-21 17:22:20] myapp.ERROR: Symfony\Component\HttpKernel\Exception\NotFoundHttpException: No route found for "GET /favicon.ico" (uncaught exception) at /Users/kendepelchin/Sites/vinyl-silex/vendor/symfony/http-kernel/Symfony/Component/HttpKernel/EventListener/RouterListener.php line 94 {"exception":"[object] (Symfony\\Component\\HttpKernel\\Exception\\NotFoundHttpException: No route found for \"GET /favicon.ico\" at /Users/kendepelchin/Sites/vinyl-silex/vendor/symfony/http-kernel/Symfony/Component/HttpKernel/EventListener/RouterListener.php:94, Symfony\\Component\\Routing\\Exception\\ResourceNotFoundException:  at /Users/kendepelchin/Sites/vinyl-silex/vendor/symfony/routing/Symfony/Component/Routing/Matcher/UrlMatcher.php:91)"} []
[2013-05-21 17:22:20] myapp.INFO: < 404 [] []
[2013-05-21 17:22:20] myapp.ERROR: Symfony\Component\HttpKernel\Exception\NotFoundHttpException: No route found for "GET /favicon.ico" (uncaught exception) at /Users/kendepelchin/Sites/vinyl-silex/vendor/symfony/http-kernel/Symfony/Component/HttpKernel/EventListener/RouterListener.php line 94 {"exception":"[object] (Symfony\\Component\\HttpKernel\\Exception\\NotFoundHttpException: No route found for \"GET /favicon.ico\" at /Users/kendepelchin/Sites/vinyl-silex/vendor/symfony/http-kernel/Symfony/Component/HttpKernel/EventListener/RouterListener.php:94, Symfony\\Component\\Routing\\Exception\\ResourceNotFoundException:  at /Users/kendepelchin/Sites/vinyl-silex/vendor/symfony/routing/Symfony/Component/Routing/Matcher/UrlMatcher.php:91)"} []
[2013-05-21 17:22:20] myapp.INFO: < 404 [] []
[2013-05-21 17:22:28] myapp.INFO: > GET / [] []
[2013-05-21 18:14:52] myapp.INFO: > GET / [] []
[2013-05-21 18:17:52] myapp.INFO: > GET / [] []
[2013-05-21 18:18:16] myapp.INFO: > GET / [] []
[2013-05-21 18:18:22] myapp.INFO: > GET / [] []
[2013-05-21 18:18:26] myapp.INFO: > GET / [] []
[2013-05-21 18:18:33] myapp.INFO: > GET / [] []
[2013-05-21 18:18:49] myapp.INFO: > GET / [] []
[2013-05-21 18:18:55] myapp.INFO: > GET / [] []
[2013-05-21 18:28:08] myapp.INFO: > GET / [] []
[2013-05-21 18:28:13] myapp.ERROR: Symfony\Component\HttpKernel\Exception\NotFoundHttpException: No route found for "GET /" (uncaught exception) at /Users/kendepelchin/Sites/vinyl-silex/vendor/symfony/http-kernel/Symfony/Component/HttpKernel/EventListener/RouterListener.php line 94 {"exception":"[object] (Symfony\\Component\\HttpKernel\\Exception\\NotFoundHttpException: No route found for \"GET /\" at /Users/kendepelchin/Sites/vinyl-silex/vendor/symfony/http-kernel/Symfony/Component/HttpKernel/EventListener/RouterListener.php:94, Symfony\\Component\\Routing\\Exception\\ResourceNotFoundException:  at /Users/kendepelchin/Sites/vinyl-silex/vendor/symfony/routing/Symfony/Component/Routing/Matcher/UrlMatcher.php:91)"} []
[2013-05-21 18:28:13] myapp.INFO: < 404 [] []
[2013-05-21 18:28:19] myapp.ERROR: Symfony\Component\HttpKernel\Exception\NotFoundHttpException: No route found for "GET /loser" (uncaught exception) at /Users/kendepelchin/Sites/vinyl-silex/vendor/symfony/http-kernel/Symfony/Component/HttpKernel/EventListener/RouterListener.php line 94 {"exception":"[object] (Symfony\\Component\\HttpKernel\\Exception\\NotFoundHttpException: No route found for \"GET /loser\" at /Users/kendepelchin/Sites/vinyl-silex/vendor/symfony/http-kernel/Symfony/Component/HttpKernel/EventListener/RouterListener.php:94, Symfony\\Component\\Routing\\Exception\\ResourceNotFoundException:  at /Users/kendepelchin/Sites/vinyl-silex/vendor/symfony/routing/Symfony/Component/Routing/Matcher/UrlMatcher.php:91)"} []
[2013-05-21 18:28:19] myapp.INFO: < 404 [] []
[2013-05-21 18:28:25] myapp.INFO: > GET /loser [] []
[2013-05-21 18:28:25] myapp.INFO: < 200 [] []
[2013-05-21 18:28:41] myapp.INFO: > GET /loser [] []
[2013-05-21 18:28:41] myapp.INFO: < 200 [] []
[2013-05-21 18:28:55] myapp.INFO: > GET /%7B$name%7D [] []
[2013-05-21 18:28:55] myapp.INFO: < 200 [] []
[2013-05-21 18:29:06] myapp.INFO: > GET /%7B$name%7D [] []
[2013-05-21 18:29:06] myapp.INFO: < 200 [] []
[2013-05-21 18:30:32] myapp.ERROR: Symfony\Component\HttpKernel\Exception\NotFoundHttpException: No route found for "GET /" (uncaught exception) at /Users/kendepelchin/Sites/vinyl-silex/vendor/symfony/http-kernel/Symfony/Component/HttpKernel/EventListener/RouterListener.php line 94 {"exception":"[object] (Symfony\\Component\\HttpKernel\\Exception\\NotFoundHttpException: No route found for \"GET /\" at /Users/kendepelchin/Sites/vinyl-silex/vendor/symfony/http-kernel/Symfony/Component/HttpKernel/EventListener/RouterListener.php:94, Symfony\\Component\\Routing\\Exception\\ResourceNotFoundException:  at /Users/kendepelchin/Sites/vinyl-silex/vendor/symfony/routing/Symfony/Component/Routing/Matcher/UrlMatcher.php:91)"} []
[2013-05-21 18:30:32] myapp.INFO: < 404 [] []
[2013-05-21 18:30:39] myapp.ERROR: Symfony\Component\HttpKernel\Exception\NotFoundHttpException: No route found for "GET /" (uncaught exception) at /Users/kendepelchin/Sites/vinyl-silex/vendor/symfony/http-kernel/Symfony/Component/HttpKernel/EventListener/RouterListener.php line 94 {"exception":"[object] (Symfony\\Component\\HttpKernel\\Exception\\NotFoundHttpException: No route found for \"GET /\" at /Users/kendepelchin/Sites/vinyl-silex/vendor/symfony/http-kernel/Symfony/Component/HttpKernel/EventListener/RouterListener.php:94, Symfony\\Component\\Routing\\Exception\\ResourceNotFoundException:  at /Users/kendepelchin/Sites/vinyl-silex/vendor/symfony/routing/Symfony/Component/Routing/Matcher/UrlMatcher.php:91)"} []
[2013-05-21 18:30:39] myapp.INFO: < 404 [] []
[2013-05-21 18:30:58] myapp.INFO: > GET / [] []
[2013-05-21 18:30:58] myapp.INFO: < 200 [] []
[2013-05-22 22:01:06] myapp.INFO: > GET / [] []
[2013-05-22 22:01:07] myapp.INFO: < 200 [] []
[2013-05-22 22:23:39] myapp.INFO: > GET / [] []
[2013-05-22 22:23:39] myapp.INFO: < 200 [] []
[2013-05-22 22:23:41] myapp.INFO: > GET / [] []
[2013-05-22 22:23:41] myapp.INFO: < 200 [] []
[2013-05-22 22:30:50] myapp.INFO: > GET / [] []
[2013-05-22 22:30:50] myapp.CRITICAL: Twig_Error_Runtime: An exception has been thrown during the rendering of a template ("Unable to generate a URL for the named route "homepage" as such route does not exist.") in "Home/Views/index.twig" at line 7. (uncaught exception) at /Users/kendepelchin/Sites/silex/vendor/twig/twig/lib/Twig/Template.php line 279 {"exception":"[object] (Twig_Error_Runtime: An exception has been thrown during the rendering of a template (\"Unable to generate a URL for the named route \"homepage\" as such route does not exist.\") in \"Home/Views/index.twig\" at line 7. at /Users/kendepelchin/Sites/silex/vendor/twig/twig/lib/Twig/Template.php:279, Symfony\\Component\\Routing\\Exception\\RouteNotFoundException: Unable to generate a URL for the named route \"homepage\" as such route does not exist. at /Users/kendepelchin/Sites/silex/vendor/symfony/routing/Symfony/Component/Routing/Generator/UrlGenerator.php:134)"} []
[2013-05-22 22:30:50] myapp.INFO: < 500 [] []
[2013-05-22 22:31:18] myapp.INFO: > GET / [] []
[2013-05-22 22:31:18] myapp.CRITICAL: Twig_Error_Runtime: An exception has been thrown during the rendering of a template ("Unable to generate a URL for the named route "/" as such route does not exist.") in "Home/Views/index.twig" at line 7. (uncaught exception) at /Users/kendepelchin/Sites/silex/vendor/twig/twig/lib/Twig/Template.php line 279 {"exception":"[object] (Twig_Error_Runtime: An exception has been thrown during the rendering of a template (\"Unable to generate a URL for the named route \"/\" as such route does not exist.\") in \"Home/Views/index.twig\" at line 7. at /Users/kendepelchin/Sites/silex/vendor/twig/twig/lib/Twig/Template.php:279, Symfony\\Component\\Routing\\Exception\\RouteNotFoundException: Unable to generate a URL for the named route \"/\" as such route does not exist. at /Users/kendepelchin/Sites/silex/vendor/symfony/routing/Symfony/Component/Routing/Generator/UrlGenerator.php:134)"} []
[2013-05-22 22:31:18] myapp.INFO: < 500 [] []
[2013-05-22 22:31:49] myapp.INFO: > GET / [] []
[2013-05-22 22:31:49] myapp.CRITICAL: Twig_Error_Runtime: An exception has been thrown during the rendering of a template ("Unable to generate a URL for the named route "discogs" as such route does not exist.") in "Home/Views/index.twig" at line 6. (uncaught exception) at /Users/kendepelchin/Sites/silex/vendor/twig/twig/lib/Twig/Template.php line 279 {"exception":"[object] (Twig_Error_Runtime: An exception has been thrown during the rendering of a template (\"Unable to generate a URL for the named route \"discogs\" as such route does not exist.\") in \"Home/Views/index.twig\" at line 6. at /Users/kendepelchin/Sites/silex/vendor/twig/twig/lib/Twig/Template.php:279, Symfony\\Component\\Routing\\Exception\\RouteNotFoundException: Unable to generate a URL for the named route \"discogs\" as such route does not exist. at /Users/kendepelchin/Sites/silex/vendor/symfony/routing/Symfony/Component/Routing/Generator/UrlGenerator.php:134)"} []
[2013-05-22 22:31:49] myapp.INFO: < 500 [] []
[2013-05-22 22:32:26] myapp.INFO: > GET / [] []
[2013-05-22 22:32:26] myapp.CRITICAL: Twig_Error_Runtime: An exception has been thrown during the rendering of a template ("Unable to generate a URL for the named route "discogs" as such route does not exist.") in "Home/Views/index.twig" at line 6. (uncaught exception) at /Users/kendepelchin/Sites/silex/vendor/twig/twig/lib/Twig/Template.php line 279 {"exception":"[object] (Twig_Error_Runtime: An exception has been thrown during the rendering of a template (\"Unable to generate a URL for the named route \"discogs\" as such route does not exist.\") in \"Home/Views/index.twig\" at line 6. at /Users/kendepelchin/Sites/silex/vendor/twig/twig/lib/Twig/Template.php:279, Symfony\\Component\\Routing\\Exception\\RouteNotFoundException: Unable to generate a URL for the named route \"discogs\" as such route does not exist. at /Users/kendepelchin/Sites/silex/vendor/symfony/routing/Symfony/Component/Routing/Generator/UrlGenerator.php:134)"} []
[2013-05-22 22:32:26] myapp.INFO: < 500 [] []
[2013-05-22 22:32:33] myapp.INFO: > GET / [] []
[2013-05-22 22:32:33] myapp.INFO: < 200 [] []
[2013-05-22 22:32:44] myapp.INFO: > GET / [] []
[2013-05-22 22:32:44] myapp.INFO: < 200 [] []
[2013-05-22 22:33:36] myapp.INFO: > GET / [] []
[2013-05-22 22:33:36] myapp.CRITICAL: RuntimeException: Controller "Vinyl\Home\Controller\HomeController::index()" requires that you provide a value for the "$name" argument (because there is no default value or because there is a non optional argument after this one). (uncaught exception) at /Users/kendepelchin/Sites/silex/vendor/symfony/http-kernel/Symfony/Component/HttpKernel/Controller/ControllerResolver.php line 134 {"exception":"[object] (RuntimeException: Controller \"Vinyl\\Home\\Controller\\HomeController::index()\" requires that you provide a value for the \"$name\" argument (because there is no default value or because there is a non optional argument after this one). at /Users/kendepelchin/Sites/silex/vendor/symfony/http-kernel/Symfony/Component/HttpKernel/Controller/ControllerResolver.php:134)"} []
[2013-05-22 22:33:36] myapp.INFO: < 500 [] []
[2013-05-22 22:34:18] myapp.INFO: > GET / [] []
[2013-05-22 22:34:27] myapp.INFO: > GET / [] []
[2013-05-22 22:34:58] myapp.INFO: > GET / [] []
[2013-05-22 22:34:58] myapp.CRITICAL: Twig_Error_Syntax: Unclosed "(" in "Home/Views/index.twig" at line 6 (uncaught exception) at /Users/kendepelchin/Sites/silex/vendor/twig/twig/lib/Twig/Lexer.php line 267 {"exception":"[object] (Twig_Error_Syntax: Unclosed \"(\" in \"Home/Views/index.twig\" at line 6 at /Users/kendepelchin/Sites/silex/vendor/twig/twig/lib/Twig/Lexer.php:267)"} []
[2013-05-22 22:34:58] myapp.INFO: < 500 [] []
[2013-05-22 22:35:11] myapp.INFO: > GET / [] []
[2013-05-22 22:35:12] myapp.INFO: < 200 [] []
[2013-05-22 22:36:34] myapp.INFO: > GET / [] []
[2013-05-22 22:36:34] myapp.INFO: < 200 [] []
[2013-05-22 22:36:35] myapp.INFO: > GET / [] []
[2013-05-22 22:36:35] myapp.INFO: < 200 [] []
[2013-05-22 22:36:46] myapp.INFO: > GET / [] []
[2013-05-22 22:36:46] myapp.INFO: < 200 [] []
[2013-05-22 22:36:47] myapp.INFO: > GET / [] []
[2013-05-22 22:36:47] myapp.INFO: < 200 [] []
[2013-05-22 22:36:48] myapp.INFO: > GET / [] []
[2013-05-22 22:36:48] myapp.INFO: < 200 [] []
[2013-05-22 22:36:53] myapp.INFO: > GET /discogs [] []
[2013-05-22 22:36:53] myapp.CRITICAL: RuntimeException: Controller "Vinyl\Home\Controller\HomeController::discogs()" requires that you provide a value for the "$name" argument (because there is no default value or because there is a non optional argument after this one). (uncaught exception) at /Users/kendepelchin/Sites/silex/vendor/symfony/http-kernel/Symfony/Component/HttpKernel/Controller/ControllerResolver.php line 134 {"exception":"[object] (RuntimeException: Controller \"Vinyl\\Home\\Controller\\HomeController::discogs()\" requires that you provide a value for the \"$name\" argument (because there is no default value or because there is a non optional argument after this one). at /Users/kendepelchin/Sites/silex/vendor/symfony/http-kernel/Symfony/Component/HttpKernel/Controller/ControllerResolver.php:134)"} []
[2013-05-22 22:36:53] myapp.INFO: < 500 [] []
[2013-05-22 22:36:57] myapp.ERROR: Symfony\Component\HttpKernel\Exception\NotFoundHttpException: No route found for "GET /discogs/test" (uncaught exception) at /Users/kendepelchin/Sites/silex/vendor/symfony/http-kernel/Symfony/Component/HttpKernel/EventListener/RouterListener.php line 94 {"exception":"[object] (Symfony\\Component\\HttpKernel\\Exception\\NotFoundHttpException: No route found for \"GET /discogs/test\" at /Users/kendepelchin/Sites/silex/vendor/symfony/http-kernel/Symfony/Component/HttpKernel/EventListener/RouterListener.php:94, Symfony\\Component\\Routing\\Exception\\ResourceNotFoundException:  at /Users/kendepelchin/Sites/silex/vendor/symfony/routing/Symfony/Component/Routing/Matcher/UrlMatcher.php:91)"} []
[2013-05-22 22:36:57] myapp.INFO: < 404 [] []
[2013-05-22 22:37:11] myapp.INFO: > GET /discogs/test [] []
[2013-05-22 22:37:11] myapp.CRITICAL: LogicException: The controller must return a response (null given). Did you forget to add a return statement somewhere in your controller? (uncaught exception) at /Users/kendepelchin/Sites/silex/vendor/symfony/http-kernel/Symfony/Component/HttpKernel/HttpKernel.php line 147 {"exception":"[object] (LogicException: The controller must return a response (null given). Did you forget to add a return statement somewhere in your controller? at /Users/kendepelchin/Sites/silex/vendor/symfony/http-kernel/Symfony/Component/HttpKernel/HttpKernel.php:147)"} []
[2013-05-22 22:37:11] myapp.INFO: < 500 [] []
[2013-05-22 22:37:25] myapp.INFO: > GET /discogs/test [] []
[2013-05-22 22:37:25] myapp.INFO: < 200 [] []
[2013-05-22 22:37:37] myapp.INFO: > GET /discogs/test [] []
[2013-05-22 22:37:37] myapp.CRITICAL: Twig_Error_Runtime: An exception has been thrown during the rendering of a template ("Unable to generate a URL for the named route "discogs/foef" as such route does not exist.") in "Home/Views/index.twig" at line 7. (uncaught exception) at /Users/kendepelchin/Sites/silex/vendor/twig/twig/lib/Twig/Template.php line 279 {"exception":"[object] (Twig_Error_Runtime: An exception has been thrown during the rendering of a template (\"Unable to generate a URL for the named route \"discogs/foef\" as such route does not exist.\") in \"Home/Views/index.twig\" at line 7. at /Users/kendepelchin/Sites/silex/vendor/twig/twig/lib/Twig/Template.php:279, Symfony\\Component\\Routing\\Exception\\RouteNotFoundException: Unable to generate a URL for the named route \"discogs/foef\" as such route does not exist. at /Users/kendepelchin/Sites/silex/vendor/symfony/routing/Symfony/Component/Routing/Generator/UrlGenerator.php:134)"} []
[2013-05-22 22:37:37] myapp.INFO: < 500 [] []
[2013-05-22 22:44:24] myapp.INFO: > GET /discogs/test [] []
[2013-05-22 22:44:25] myapp.INFO: < 200 [] []
[2013-05-22 22:44:47] myapp.INFO: > GET /discogs/test [] []
[2013-05-22 22:44:47] myapp.INFO: < 200 [] []
[2013-05-22 22:44:52] myapp.INFO: > GET /discogs/test [] []
[2013-05-22 22:44:52] myapp.INFO: < 200 [] []
[2013-05-22 22:44:57] myapp.INFO: > GET /discogs/test [] []
[2013-05-22 22:44:57] myapp.INFO: < 200 [] []
[2013-05-22 22:44:58] myapp.INFO: > GET /discogs/test [] []
[2013-05-22 22:44:58] myapp.INFO: < 200 [] []
[2013-05-22 22:45:02] myapp.INFO: > GET / [] []
[2013-05-22 22:45:02] myapp.INFO: < 200 [] []
[2013-05-22 22:45:10] myapp.INFO: > GET / [] []
[2013-05-22 22:45:10] myapp.INFO: < 200 [] []
[2013-05-22 23:11:51] myapp.INFO: > GET / [] []
[2013-05-22 23:11:52] myapp.INFO: < 200 [] []
[2013-05-22 23:12:55] myapp.INFO: > GET / [] []
[2013-05-22 23:12:55] myapp.INFO: < 200 [] []
[2013-05-22 23:22:14] myapp.INFO: > GET / [] []
[2013-05-22 23:22:14] myapp.INFO: < 200 [] []
[2013-05-22 23:24:50] myapp.INFO: > GET / [] []
[2013-05-22 23:24:50] myapp.INFO: < 200 [] []
[2013-05-22 23:25:25] myapp.INFO: > GET / [] []
[2013-05-22 23:25:25] myapp.INFO: < 200 [] []
[2013-05-22 23:25:57] myapp.INFO: > GET / [] []
[2013-05-22 23:25:58] myapp.INFO: < 200 [] []
[2013-05-22 23:27:56] myapp.INFO: > GET / [] []
[2013-05-22 23:27:56] myapp.INFO: < 200 [] []
[2013-05-22 23:28:27] myapp.INFO: > GET / [] []
[2013-05-22 23:28:27] myapp.INFO: < 200 [] []
[2013-05-22 23:29:24] myapp.INFO: > GET / [] []
[2013-05-22 23:31:17] myapp.INFO: > GET / [] []
[2013-05-22 23:31:17] myapp.INFO: < 200 [] []
[2013-05-22 23:34:26] myapp.INFO: > GET / [] []
[2013-05-22 23:34:27] myapp.INFO: < 200 [] []
[2013-05-22 23:34:27] myapp.INFO: > GET / [] []
[2013-05-22 23:34:27] myapp.INFO: < 200 [] []
[2013-05-22 23:34:29] myapp.INFO: > GET / [] []
[2013-05-22 23:34:29] myapp.INFO: < 200 [] []
[2013-05-22 23:34:34] myapp.ERROR: Symfony\Component\HttpKernel\Exception\NotFoundHttpException: No route found for "GET /discogs/" (uncaught exception) at /Users/kendepelchin/Sites/silex/vendor/symfony/http-kernel/Symfony/Component/HttpKernel/EventListener/RouterListener.php line 94 {"exception":"[object] (Symfony\\Component\\HttpKernel\\Exception\\NotFoundHttpException: No route found for \"GET /discogs/\" at /Users/kendepelchin/Sites/silex/vendor/symfony/http-kernel/Symfony/Component/HttpKernel/EventListener/RouterListener.php:94, Symfony\\Component\\Routing\\Exception\\ResourceNotFoundException:  at /Users/kendepelchin/Sites/silex/vendor/symfony/routing/Symfony/Component/Routing/Matcher/UrlMatcher.php:91)"} []
[2013-05-22 23:34:34] myapp.INFO: < 404 [] []
[2013-05-22 23:35:32] myapp.INFO: > GET / [] []
[2013-05-22 23:35:32] myapp.INFO: < 200 [] []
[2013-05-22 23:40:51] myapp.INFO: > GET / [] []
[2013-05-22 23:40:51] myapp.INFO: < 200 [] []
[2013-05-22 23:40:53] myapp.INFO: > GET / [] []
[2013-05-22 23:40:53] myapp.INFO: < 200 [] []
[2013-05-22 23:42:42] myapp.INFO: > GET / [] []
[2013-05-22 23:42:42] myapp.INFO: < 200 [] []
[2013-05-22 23:42:44] myapp.INFO: > GET / [] []
[2013-05-22 23:42:44] myapp.INFO: < 200 [] []
[2013-05-22 23:42:46] myapp.INFO: > GET / [] []
[2013-05-22 23:42:46] myapp.INFO: < 200 [] []
[2013-05-22 23:43:03] myapp.INFO: > GET / [] []
[2013-05-22 23:43:03] myapp.INFO: < 200 [] []
[2013-05-22 23:43:05] myapp.INFO: > GET / [] []
[2013-05-22 23:43:05] myapp.INFO: < 200 [] []
[2013-05-22 23:43:07] myapp.INFO: > GET / [] []
[2013-05-22 23:43:07] myapp.INFO: < 200 [] []
[2013-05-22 23:43:19] myapp.INFO: > GET / [] []
[2013-05-22 23:43:19] myapp.INFO: < 200 [] []
[2013-05-22 23:43:20] myapp.INFO: > GET / [] []
[2013-05-22 23:43:20] myapp.INFO: < 200 [] []
[2013-05-22 23:43:36] myapp.INFO: > GET / [] []
[2013-05-22 23:44:24] myapp.INFO: > GET / [] []
[2013-05-22 23:45:26] myapp.INFO: > GET / [] []
[2013-05-27 22:24:42] myapp.INFO: > GET / [] []
[2013-05-27 22:27:12] myapp.INFO: > GET / [] []
[2013-05-27 22:27:15] myapp.INFO: < 200 [] []
[2013-05-27 22:27:29] myapp.INFO: > GET / [] []
[2013-05-27 22:27:30] myapp.INFO: < 200 [] []
[2013-05-27 22:33:40] myapp.INFO: > GET / [] []
[2013-05-27 22:33:41] myapp.INFO: < 200 [] []
[2013-05-27 22:33:50] myapp.INFO: > GET / [] []
[2013-05-27 22:33:51] myapp.INFO: < 200 [] []
[2013-05-27 22:33:58] myapp.INFO: > GET / [] []
[2013-05-27 22:33:59] myapp.INFO: < 200 [] []
[2013-05-27 23:07:29] myapp.INFO: > GET / [] []
[2013-05-27 23:07:29] myapp.INFO: < 200 [] []
[2013-05-27 23:07:47] myapp.INFO: > GET / [] []
[2013-05-27 23:07:47] myapp.INFO: < 200 [] []
[2013-05-27 23:16:23] myapp.ERROR: Symfony\Component\HttpKernel\Exception\NotFoundHttpException: No route found for "GET /admin" (uncaught exception) at /Users/kendepelchin/Sites/silex/vendor/symfony/http-kernel/Symfony/Component/HttpKernel/EventListener/RouterListener.php line 94 {"exception":"[object] (Symfony\\Component\\HttpKernel\\Exception\\NotFoundHttpException: No route found for \"GET /admin\" at /Users/kendepelchin/Sites/silex/vendor/symfony/http-kernel/Symfony/Component/HttpKernel/EventListener/RouterListener.php:94, Symfony\\Component\\Routing\\Exception\\ResourceNotFoundException:  at /Users/kendepelchin/Sites/silex/vendor/symfony/routing/Symfony/Component/Routing/Matcher/UrlMatcher.php:91)"} []
[2013-05-27 23:16:23] myapp.INFO: < 404 [] []
[2013-05-27 23:16:56] myapp.ERROR: Symfony\Component\HttpKernel\Exception\NotFoundHttpException: No route found for "GET /admin" (uncaught exception) at /Users/kendepelchin/Sites/silex/vendor/symfony/http-kernel/Symfony/Component/HttpKernel/EventListener/RouterListener.php line 94 {"exception":"[object] (Symfony\\Component\\HttpKernel\\Exception\\NotFoundHttpException: No route found for \"GET /admin\" at /Users/kendepelchin/Sites/silex/vendor/symfony/http-kernel/Symfony/Component/HttpKernel/EventListener/RouterListener.php:94, Symfony\\Component\\Routing\\Exception\\ResourceNotFoundException:  at /Users/kendepelchin/Sites/silex/vendor/symfony/routing/Symfony/Component/Routing/Matcher/UrlMatcher.php:91)"} []
[2013-05-27 23:16:56] myapp.INFO: < 404 [] []
[2013-05-27 23:17:41] myapp.ERROR: Symfony\Component\HttpKernel\Exception\NotFoundHttpException: No route found for "GET /admin" (uncaught exception) at /Users/kendepelchin/Sites/silex/vendor/symfony/http-kernel/Symfony/Component/HttpKernel/EventListener/RouterListener.php line 94 {"exception":"[object] (Symfony\\Component\\HttpKernel\\Exception\\NotFoundHttpException: No route found for \"GET /admin\" at /Users/kendepelchin/Sites/silex/vendor/symfony/http-kernel/Symfony/Component/HttpKernel/EventListener/RouterListener.php:94, Symfony\\Component\\Routing\\Exception\\ResourceNotFoundException:  at /Users/kendepelchin/Sites/silex/vendor/symfony/routing/Symfony/Component/Routing/Matcher/UrlMatcher.php:91)"} []
[2013-05-27 23:17:41] myapp.INFO: < 404 [] []
[2013-05-27 23:21:47] myapp.INFO: > GET / [] []
[2013-05-27 23:21:47] myapp.INFO: < 200 [] []
[2013-05-27 23:21:51] myapp.ERROR: Symfony\Component\HttpKernel\Exception\NotFoundHttpException: No route found for "GET /admin" (uncaught exception) at /Users/kendepelchin/Sites/silex/vendor/symfony/http-kernel/Symfony/Component/HttpKernel/EventListener/RouterListener.php line 94 {"exception":"[object] (Symfony\\Component\\HttpKernel\\Exception\\NotFoundHttpException: No route found for \"GET /admin\" at /Users/kendepelchin/Sites/silex/vendor/symfony/http-kernel/Symfony/Component/HttpKernel/EventListener/RouterListener.php:94, Symfony\\Component\\Routing\\Exception\\ResourceNotFoundException:  at /Users/kendepelchin/Sites/silex/vendor/symfony/routing/Symfony/Component/Routing/Matcher/UrlMatcher.php:91)"} []
[2013-05-27 23:21:51] myapp.INFO: < 404 [] []
[2013-05-27 23:21:59] myapp.ERROR: Symfony\Component\HttpKernel\Exception\NotFoundHttpException: No route found for "GET /admin" (uncaught exception) at /Users/kendepelchin/Sites/silex/vendor/symfony/http-kernel/Symfony/Component/HttpKernel/EventListener/RouterListener.php line 94 {"exception":"[object] (Symfony\\Component\\HttpKernel\\Exception\\NotFoundHttpException: No route found for \"GET /admin\" at /Users/kendepelchin/Sites/silex/vendor/symfony/http-kernel/Symfony/Component/HttpKernel/EventListener/RouterListener.php:94, Symfony\\Component\\Routing\\Exception\\ResourceNotFoundException:  at /Users/kendepelchin/Sites/silex/vendor/symfony/routing/Symfony/Component/Routing/Matcher/UrlMatcher.php:91)"} []
[2013-05-27 23:21:59] myapp.INFO: < 404 [] []
[2013-05-27 23:22:01] myapp.ERROR: Symfony\Component\HttpKernel\Exception\NotFoundHttpException: No route found for "GET /admin" (uncaught exception) at /Users/kendepelchin/Sites/silex/vendor/symfony/http-kernel/Symfony/Component/HttpKernel/EventListener/RouterListener.php line 94 {"exception":"[object] (Symfony\\Component\\HttpKernel\\Exception\\NotFoundHttpException: No route found for \"GET /admin\" at /Users/kendepelchin/Sites/silex/vendor/symfony/http-kernel/Symfony/Component/HttpKernel/EventListener/RouterListener.php:94, Symfony\\Component\\Routing\\Exception\\ResourceNotFoundException:  at /Users/kendepelchin/Sites/silex/vendor/symfony/routing/Symfony/Component/Routing/Matcher/UrlMatcher.php:91)"} []
[2013-05-27 23:22:01] myapp.INFO: < 404 [] []
[2013-05-27 23:31:31] myapp.INFO: > GET / [] []
[2013-05-27 23:31:31] myapp.INFO: < 200 [] []
[2013-05-27 23:33:02] myapp.INFO: > GET / [] []
[2013-05-27 23:33:02] myapp.INFO: < 200 [] []
[2013-05-27 23:33:06] myapp.ERROR: Symfony\Component\HttpKernel\Exception\NotFoundHttpException: No route found for "GET /admin" (uncaught exception) at /Users/kendepelchin/Sites/silex/vendor/symfony/http-kernel/Symfony/Component/HttpKernel/EventListener/RouterListener.php line 94 {"exception":"[object] (Symfony\\Component\\HttpKernel\\Exception\\NotFoundHttpException: No route found for \"GET /admin\" at /Users/kendepelchin/Sites/silex/vendor/symfony/http-kernel/Symfony/Component/HttpKernel/EventListener/RouterListener.php:94, Symfony\\Component\\Routing\\Exception\\ResourceNotFoundException:  at /Users/kendepelchin/Sites/silex/vendor/symfony/routing/Symfony/Component/Routing/Matcher/UrlMatcher.php:91)"} []
[2013-05-27 23:33:06] myapp.INFO: < 404 [] []
[2013-05-27 23:37:23] myapp.ERROR: Symfony\Component\HttpKernel\Exception\NotFoundHttpException: No route found for "GET /admin" (uncaught exception) at /Users/kendepelchin/Sites/silex/vendor/symfony/http-kernel/Symfony/Component/HttpKernel/EventListener/RouterListener.php line 94 {"exception":"[object] (Symfony\\Component\\HttpKernel\\Exception\\NotFoundHttpException: No route found for \"GET /admin\" at /Users/kendepelchin/Sites/silex/vendor/symfony/http-kernel/Symfony/Component/HttpKernel/EventListener/RouterListener.php:94, Symfony\\Component\\Routing\\Exception\\ResourceNotFoundException:  at /Users/kendepelchin/Sites/silex/vendor/symfony/routing/Symfony/Component/Routing/Matcher/UrlMatcher.php:91)"} []
[2013-05-27 23:37:23] myapp.INFO: < 404 [] []
[2013-05-27 23:37:33] myapp.ERROR: Symfony\Component\HttpKernel\Exception\NotFoundHttpException: No route found for "GET /admin" (uncaught exception) at /Users/kendepelchin/Sites/silex/vendor/symfony/http-kernel/Symfony/Component/HttpKernel/EventListener/RouterListener.php line 94 {"exception":"[object] (Symfony\\Component\\HttpKernel\\Exception\\NotFoundHttpException: No route found for \"GET /admin\" at /Users/kendepelchin/Sites/silex/vendor/symfony/http-kernel/Symfony/Component/HttpKernel/EventListener/RouterListener.php:94, Symfony\\Component\\Routing\\Exception\\ResourceNotFoundException:  at /Users/kendepelchin/Sites/silex/vendor/symfony/routing/Symfony/Component/Routing/Matcher/UrlMatcher.php:91)"} []
[2013-05-27 23:37:33] myapp.INFO: < 404 [] []
[2013-05-27 23:37:36] myapp.INFO: > GET / [] []
[2013-05-27 23:37:36] myapp.INFO: < 200 [] []
[2013-05-27 23:37:44] myapp.INFO: > GET / [] []
[2013-05-27 23:37:44] myapp.INFO: < 200 [] []
[2013-05-27 23:37:48] myapp.CRITICAL: Symfony\Component\Security\Core\Exception\AuthenticationCredentialsNotFoundException: A Token was not found in the SecurityContext. (uncaught exception) at /Users/kendepelchin/Sites/silex/vendor/symfony/security/Symfony/Component/Security/Http/Firewall/AccessListener.php line 56 {"exception":"[object] (Symfony\\Component\\Security\\Core\\Exception\\AuthenticationCredentialsNotFoundException: A Token was not found in the SecurityContext. at /Users/kendepelchin/Sites/silex/vendor/symfony/security/Symfony/Component/Security/Http/Firewall/AccessListener.php:56)"} []
[2013-05-27 23:37:48] myapp.INFO: < 302 [] []
[2013-05-27 23:37:48] myapp.ERROR: Symfony\Component\HttpKernel\Exception\NotFoundHttpException: No route found for "GET /login" (uncaught exception) at /Users/kendepelchin/Sites/silex/vendor/symfony/http-kernel/Symfony/Component/HttpKernel/EventListener/RouterListener.php line 94 {"exception":"[object] (Symfony\\Component\\HttpKernel\\Exception\\NotFoundHttpException: No route found for \"GET /login\" at /Users/kendepelchin/Sites/silex/vendor/symfony/http-kernel/Symfony/Component/HttpKernel/EventListener/RouterListener.php:94, Symfony\\Component\\Routing\\Exception\\ResourceNotFoundException:  at /Users/kendepelchin/Sites/silex/vendor/symfony/routing/Symfony/Component/Routing/Matcher/UrlMatcher.php:91)"} []
[2013-05-27 23:37:48] myapp.INFO: < 404 [] []
[2013-05-27 23:37:58] myapp.INFO: > GET /login [] []
[2013-05-27 23:37:58] myapp.INFO: < 200 [] []
[2013-05-27 23:38:12] myapp.INFO: > GET /login [] []
[2013-05-29 20:21:41] myapp.INFO: > GET /login [] []
[2013-05-29 20:22:32] myapp.INFO: > GET /login [] []
[2013-05-29 20:22:32] myapp.INFO: < 200 [] []
[2013-05-29 21:14:30] myapp.ERROR: Symfony\Component\HttpKernel\Exception\NotFoundHttpException: No route found for "GET /Home" (uncaught exception) at /Users/kendepelchin/Sites/silex/vendor/symfony/http-kernel/Symfony/Component/HttpKernel/EventListener/RouterListener.php line 94 {"exception":"[object] (Symfony\\Component\\HttpKernel\\Exception\\NotFoundHttpException: No route found for \"GET /Home\" at /Users/kendepelchin/Sites/silex/vendor/symfony/http-kernel/Symfony/Component/HttpKernel/EventListener/RouterListener.php:94, Symfony\\Component\\Routing\\Exception\\ResourceNotFoundException:  at /Users/kendepelchin/Sites/silex/vendor/symfony/routing/Symfony/Component/Routing/Matcher/UrlMatcher.php:91)"} []
[2013-05-29 21:14:30] myapp.INFO: < 404 [] []
[2013-05-29 21:14:33] myapp.INFO: > GET / [] []
[2013-05-29 21:14:33] myapp.INFO: < 200 [] []
[2013-05-29 21:16:15] myapp.INFO: > GET / [] []
[2013-05-29 21:16:15] myapp.CRITICAL: PDOException: SQLSTATE[42000] [1049] Unknown database 'backlog' (uncaught exception) at /Users/kendepelchin/Sites/silex/vendor/doctrine/dbal/lib/Doctrine/DBAL/Driver/PDOConnection.php line 36 {"exception":"[object] (PDOException: SQLSTATE[42000] [1049] Unknown database 'backlog' at /Users/kendepelchin/Sites/silex/vendor/doctrine/dbal/lib/Doctrine/DBAL/Driver/PDOConnection.php:36)"} []
[2013-05-29 21:16:15] myapp.INFO: < 500 [] []
[2013-05-29 21:16:26] myapp.INFO: > GET / [] []
[2013-05-29 21:16:26] myapp.INFO: < 200 [] []
[2013-05-29 21:16:40] myapp.INFO: > GET / [] []
[2013-05-29 21:16:40] myapp.INFO: < 200 [] []
[2013-05-29 21:19:19] myapp.INFO: > GET / [] []
[2013-05-29 21:20:14] myapp.CRITICAL: Symfony\Component\Security\Core\Exception\AuthenticationCredentialsNotFoundException: A Token was not found in the SecurityContext. (uncaught exception) at /Users/kendepelchin/Sites/silex/vendor/symfony/security/Symfony/Component/Security/Http/Firewall/AccessListener.php line 56 {"exception":"[object] (Symfony\\Component\\Security\\Core\\Exception\\AuthenticationCredentialsNotFoundException: A Token was not found in the SecurityContext. at /Users/kendepelchin/Sites/silex/vendor/symfony/security/Symfony/Component/Security/Http/Firewall/AccessListener.php:56)"} []
[2013-05-29 21:20:14] myapp.INFO: < 302 [] []
[2013-05-29 21:20:14] myapp.INFO: > GET /login [] []
[2013-05-29 21:20:14] myapp.INFO: < 200 [] []
[2013-05-29 21:20:16] myapp.INFO: < 302 [] []
[2013-05-29 21:20:16] myapp.INFO: > GET /login [] []
[2013-05-29 21:20:16] myapp.INFO: < 200 [] []
[2013-05-29 21:20:22] myapp.INFO: < 302 [] []
[2013-05-29 21:20:22] myapp.INFO: > GET /login [] []
[2013-05-29 21:20:22] myapp.INFO: < 200 [] []
[2013-05-29 21:27:10] myapp.INFO: > GET /login [] []
[2013-05-29 21:27:10] myapp.INFO: < 200 [] []
[2013-05-29 21:27:13] myapp.ERROR: Symfony\Component\HttpKernel\Exception\NotFoundHttpException: No route found for "GET /home" (uncaught exception) at /Users/kendepelchin/Sites/silex/vendor/symfony/http-kernel/Symfony/Component/HttpKernel/EventListener/RouterListener.php line 94 {"exception":"[object] (Symfony\\Component\\HttpKernel\\Exception\\NotFoundHttpException: No route found for \"GET /home\" at /Users/kendepelchin/Sites/silex/vendor/symfony/http-kernel/Symfony/Component/HttpKernel/EventListener/RouterListener.php:94, Symfony\\Component\\Routing\\Exception\\ResourceNotFoundException:  at /Users/kendepelchin/Sites/silex/vendor/symfony/routing/Symfony/Component/Routing/Matcher/UrlMatcher.php:91)"} []
[2013-05-29 21:27:13] myapp.INFO: < 404 [] []
[2013-05-29 21:27:16] myapp.INFO: > GET / [] []
[2013-05-29 21:40:48] myapp.INFO: > GET / [] []
[2013-05-29 21:44:15] myapp.INFO: > GET / [] []
[2013-05-29 21:44:23] myapp.INFO: > GET / [] []
[2013-05-29 21:44:23] myapp.INFO: < 200 [] []
[2013-05-29 21:48:05] myapp.INFO: > GET / [] []
[2013-05-29 21:48:05] myapp.INFO: < 200 [] []
[2013-05-29 21:48:07] myapp.INFO: > GET /user [] []
[2013-05-29 21:48:07] myapp.INFO: < 301 [] []
[2013-05-29 21:48:07] myapp.INFO: > GET /user/ [] []
[2013-05-29 21:49:59] myapp.INFO: > GET /user/ [] []
[2013-05-29 21:50:43] myapp.INFO: > GET /user/ [] []
[2013-05-29 21:52:54] myapp.INFO: > GET /user/ [] []
[2013-05-29 21:52:55] myapp.INFO: > GET /user/ [] []
[2013-05-29 21:53:09] myapp.INFO: > GET /user/ [] []
[2013-05-29 21:53:37] myapp.INFO: > GET /user/ [] []
[2013-05-29 21:53:37] myapp.CRITICAL: Twig_Error_Loader: Template "users/overview.twig" is not defined (). (uncaught exception) at /Users/kendepelchin/Sites/silex/vendor/twig/twig/lib/Twig/Loader/Chain.php line 112 {"exception":"[object] (Twig_Error_Loader: Template \"users/overview.twig\" is not defined (). at /Users/kendepelchin/Sites/silex/vendor/twig/twig/lib/Twig/Loader/Chain.php:112)"} []
[2013-05-29 21:53:37] myapp.INFO: < 500 [] []
[2013-05-29 21:55:12] myapp.INFO: > GET /user/ [] []
[2013-05-29 21:55:12] myapp.CRITICAL: Twig_Error_Loader: Template "users/overview.twig" is not defined (). (uncaught exception) at /Users/kendepelchin/Sites/silex/vendor/twig/twig/lib/Twig/Loader/Chain.php line 112 {"exception":"[object] (Twig_Error_Loader: Template \"users/overview.twig\" is not defined (). at /Users/kendepelchin/Sites/silex/vendor/twig/twig/lib/Twig/Loader/Chain.php:112)"} []
[2013-05-29 21:55:12] myapp.INFO: < 500 [] []
[2013-05-29 21:55:41] myapp.INFO: > GET /user/ [] []
[2013-05-29 21:55:42] myapp.INFO: > GET /user/ [] []
[2013-05-29 21:56:02] myapp.INFO: > GET /user/ [] []
[2013-05-29 21:56:03] myapp.CRITICAL: Twig_Error_Loader: Template "users/overview.twig" is not defined (). (uncaught exception) at /Users/kendepelchin/Sites/silex/vendor/twig/twig/lib/Twig/Loader/Chain.php line 112 {"exception":"[object] (Twig_Error_Loader: Template \"users/overview.twig\" is not defined (). at /Users/kendepelchin/Sites/silex/vendor/twig/twig/lib/Twig/Loader/Chain.php:112)"} []
[2013-05-29 21:56:03] myapp.INFO: < 500 [] []
[2013-05-29 22:04:50] myapp.INFO: > GET /user/ [] []
[2013-05-29 22:04:50] myapp.CRITICAL: LogicException: The controller must be a callable (Array(0 => Object(Vinyl\User\Controller\UserController), 1 => overview) given). (uncaught exception) at /Users/kendepelchin/Sites/silex/vendor/symfony/http-kernel/Symfony/Component/HttpKernel/Event/FilterControllerEvent.php line 70 {"exception":"[object] (LogicException: The controller must be a callable (Array(0 => Object(Vinyl\\User\\Controller\\UserController), 1 => overview) given). at /Users/kendepelchin/Sites/silex/vendor/symfony/http-kernel/Symfony/Component/HttpKernel/Event/FilterControllerEvent.php:70)"} []
[2013-05-29 22:04:50] myapp.INFO: < 500 [] []
[2013-05-29 22:04:56] myapp.INFO: > GET / [] []
[2013-05-29 22:04:57] myapp.CRITICAL: RuntimeException: No encoder has been configured for account "". (uncaught exception) at /Users/kendepelchin/Sites/silex/vendor/symfony/security/Symfony/Component/Security/Core/Encoder/EncoderFactory.php line 45 {"exception":"[object] (RuntimeException: No encoder has been configured for account \"\". at /Users/kendepelchin/Sites/silex/vendor/symfony/security/Symfony/Component/Security/Core/Encoder/EncoderFactory.php:45)"} []
[2013-05-29 22:04:57] myapp.INFO: < 500 [] []
[2013-05-29 22:05:14] myapp.INFO: > GET / [] []
[2013-05-29 22:05:14] myapp.CRITICAL: RuntimeException: No encoder has been configured for account "ff". (uncaught exception) at /Users/kendepelchin/Sites/silex/vendor/symfony/security/Symfony/Component/Security/Core/Encoder/EncoderFactory.php line 45 {"exception":"[object] (RuntimeException: No encoder has been configured for account \"ff\". at /Users/kendepelchin/Sites/silex/vendor/symfony/security/Symfony/Component/Security/Core/Encoder/EncoderFactory.php:45)"} []
[2013-05-29 22:05:14] myapp.INFO: < 500 [] []
[2013-05-29 22:07:02] myapp.CRITICAL: Symfony\Component\Security\Core\Exception\AuthenticationCredentialsNotFoundException: A Token was not found in the SecurityContext. (uncaught exception) at /Users/kendepelchin/Sites/silex/vendor/symfony/security/Symfony/Component/Security/Http/Firewall/AccessListener.php line 56 {"exception":"[object] (Symfony\\Component\\Security\\Core\\Exception\\AuthenticationCredentialsNotFoundException: A Token was not found in the SecurityContext. at /Users/kendepelchin/Sites/silex/vendor/symfony/security/Symfony/Component/Security/Http/Firewall/AccessListener.php:56)"} []
[2013-05-29 22:07:02] myapp.INFO: < 302 [] []
[2013-05-29 22:07:03] myapp.INFO: > GET /login [] []
[2013-05-29 22:07:03] myapp.INFO: < 200 [] []
[2013-05-29 22:07:06] myapp.INFO: < 302 [] []
[2013-05-29 22:07:06] myapp.INFO: > GET /admin [] []
[2013-05-29 22:07:06] myapp.INFO: < 301 [] []
[2013-05-29 22:07:06] myapp.INFO: > GET /admin/ [] []
[2013-05-29 22:07:06] myapp.CRITICAL: LogicException: The controller must return a response (null given). Did you forget to add a return statement somewhere in your controller? (uncaught exception) at /Users/kendepelchin/Sites/silex/vendor/symfony/http-kernel/Symfony/Component/HttpKernel/HttpKernel.php line 147 {"exception":"[object] (LogicException: The controller must return a response (null given). Did you forget to add a return statement somewhere in your controller? at /Users/kendepelchin/Sites/silex/vendor/symfony/http-kernel/Symfony/Component/HttpKernel/HttpKernel.php:147)"} []
[2013-05-29 22:07:06] myapp.INFO: < 500 [] []
[2013-05-29 22:07:54] myapp.INFO: > GET /admin/ [] []
[2013-05-29 22:07:54] myapp.CRITICAL: LogicException: The controller must return a response (null given). Did you forget to add a return statement somewhere in your controller? (uncaught exception) at /Users/kendepelchin/Sites/silex/vendor/symfony/http-kernel/Symfony/Component/HttpKernel/HttpKernel.php line 147 {"exception":"[object] (LogicException: The controller must return a response (null given). Did you forget to add a return statement somewhere in your controller? at /Users/kendepelchin/Sites/silex/vendor/symfony/http-kernel/Symfony/Component/HttpKernel/HttpKernel.php:147)"} []
[2013-05-29 22:07:54] myapp.INFO: < 500 [] []
[2013-05-29 22:07:59] myapp.ERROR: Symfony\Component\HttpKernel\Exception\NotFoundHttpException: No route found for "GET /logout" (uncaught exception) at /Users/kendepelchin/Sites/silex/vendor/symfony/http-kernel/Symfony/Component/HttpKernel/EventListener/RouterListener.php line 94 {"exception":"[object] (Symfony\\Component\\HttpKernel\\Exception\\NotFoundHttpException: No route found for \"GET /logout\" at /Users/kendepelchin/Sites/silex/vendor/symfony/http-kernel/Symfony/Component/HttpKernel/EventListener/RouterListener.php:94, Symfony\\Component\\Routing\\Exception\\ResourceNotFoundException:  at /Users/kendepelchin/Sites/silex/vendor/symfony/routing/Symfony/Component/Routing/Matcher/UrlMatcher.php:91)"} []
[2013-05-29 22:07:59] myapp.INFO: < 404 [] []
[2013-05-29 22:08:19] myapp.INFO: < 302 [] []
[2013-05-29 22:08:19] myapp.INFO: > GET / [] []
[2013-05-29 22:08:19] myapp.CRITICAL: RuntimeException: No encoder has been configured for account "ff". (uncaught exception) at /Users/kendepelchin/Sites/silex/vendor/symfony/security/Symfony/Component/Security/Core/Encoder/EncoderFactory.php line 45 {"exception":"[object] (RuntimeException: No encoder has been configured for account \"ff\". at /Users/kendepelchin/Sites/silex/vendor/symfony/security/Symfony/Component/Security/Core/Encoder/EncoderFactory.php:45)"} []
[2013-05-29 22:08:19] myapp.INFO: < 500 [] []
[2013-05-29 22:08:25] myapp.CRITICAL: Symfony\Component\Security\Core\Exception\AuthenticationCredentialsNotFoundException: A Token was not found in the SecurityContext. (uncaught exception) at /Users/kendepelchin/Sites/silex/vendor/symfony/security/Symfony/Component/Security/Http/Firewall/AccessListener.php line 56 {"exception":"[object] (Symfony\\Component\\Security\\Core\\Exception\\AuthenticationCredentialsNotFoundException: A Token was not found in the SecurityContext. at /Users/kendepelchin/Sites/silex/vendor/symfony/security/Symfony/Component/Security/Http/Firewall/AccessListener.php:56)"} []
[2013-05-29 22:08:25] myapp.INFO: < 302 [] []
[2013-05-29 22:08:26] myapp.INFO: > GET /login [] []
[2013-05-29 22:08:26] myapp.INFO: < 200 [] []
[2013-05-29 22:08:36] myapp.INFO: < 302 [] []
[2013-05-29 22:08:36] myapp.INFO: > GET /admin [] []
[2013-05-29 22:08:36] myapp.INFO: < 301 [] []
[2013-05-29 22:08:36] myapp.INFO: > GET /admin/ [] []
[2013-05-29 22:08:36] myapp.CRITICAL: LogicException: The controller must return a response (null given). Did you forget to add a return statement somewhere in your controller? (uncaught exception) at /Users/kendepelchin/Sites/silex/vendor/symfony/http-kernel/Symfony/Component/HttpKernel/HttpKernel.php line 147 {"exception":"[object] (LogicException: The controller must return a response (null given). Did you forget to add a return statement somewhere in your controller? at /Users/kendepelchin/Sites/silex/vendor/symfony/http-kernel/Symfony/Component/HttpKernel/HttpKernel.php:147)"} []
[2013-05-29 22:08:36] myapp.INFO: < 500 [] []
[2013-05-29 22:09:06] myapp.INFO: > GET /admin/ [] []
[2013-05-29 22:09:37] myapp.INFO: > GET /admin/ [] []
[2013-05-29 22:09:37] myapp.CRITICAL: LogicException: The controller must return a response (null given). Did you forget to add a return statement somewhere in your controller? (uncaught exception) at /Users/kendepelchin/Sites/silex/vendor/symfony/http-kernel/Symfony/Component/HttpKernel/HttpKernel.php line 147 {"exception":"[object] (LogicException: The controller must return a response (null given). Did you forget to add a return statement somewhere in your controller? at /Users/kendepelchin/Sites/silex/vendor/symfony/http-kernel/Symfony/Component/HttpKernel/HttpKernel.php:147)"} []
[2013-05-29 22:09:37] myapp.INFO: < 500 [] []
[2013-05-29 22:09:46] myapp.INFO: > GET /admin/ [] []
[2013-05-29 22:09:46] myapp.CRITICAL: LogicException: The controller must return a response (null given). Did you forget to add a return statement somewhere in your controller? (uncaught exception) at /Users/kendepelchin/Sites/silex/vendor/symfony/http-kernel/Symfony/Component/HttpKernel/HttpKernel.php line 147 {"exception":"[object] (LogicException: The controller must return a response (null given). Did you forget to add a return statement somewhere in your controller? at /Users/kendepelchin/Sites/silex/vendor/symfony/http-kernel/Symfony/Component/HttpKernel/HttpKernel.php:147)"} []
[2013-05-29 22:09:46] myapp.INFO: < 500 [] []
[2013-05-29 22:23:09] myapp.CRITICAL: Symfony\Component\Security\Core\Exception\AuthenticationCredentialsNotFoundException: A Token was not found in the SecurityContext. (uncaught exception) at /Users/kendepelchin/Sites/silex/vendor/symfony/security/Symfony/Component/Security/Http/Firewall/AccessListener.php line 56 {"exception":"[object] (Symfony\\Component\\Security\\Core\\Exception\\AuthenticationCredentialsNotFoundException: A Token was not found in the SecurityContext. at /Users/kendepelchin/Sites/silex/vendor/symfony/security/Symfony/Component/Security/Http/Firewall/AccessListener.php:56)"} []
[2013-05-29 22:23:09] myapp.INFO: < 302 [] []
[2013-05-29 22:23:09] myapp.INFO: > GET /login [] []
[2013-05-29 22:23:10] myapp.INFO: < 200 [] []
[2013-05-29 22:26:29] myapp.INFO: > GET /login [] []
[2013-05-29 22:26:29] myapp.INFO: < 200 [] []
[2013-05-29 22:26:34] myapp.INFO: < 302 [] []
[2013-05-29 22:26:34] myapp.INFO: > GET /admin/ [] []
[2013-05-29 22:26:34] myapp.CRITICAL: LogicException: The controller must return a response (null given). Did you forget to add a return statement somewhere in your controller? (uncaught exception) at /Users/kendepelchin/Sites/silex/vendor/symfony/http-kernel/Symfony/Component/HttpKernel/HttpKernel.php line 147 {"exception":"[object] (LogicException: The controller must return a response (null given). Did you forget to add a return statement somewhere in your controller? at /Users/kendepelchin/Sites/silex/vendor/symfony/http-kernel/Symfony/Component/HttpKernel/HttpKernel.php:147)"} []
[2013-05-29 22:26:34] myapp.INFO: < 500 [] []
[2013-05-29 22:26:50] myapp.INFO: < 302 [] []
[2013-05-29 22:26:50] myapp.INFO: > GET / [] []
[2013-05-29 22:26:50] myapp.CRITICAL: RuntimeException: No encoder has been configured for account "ff". (uncaught exception) at /Users/kendepelchin/Sites/silex/vendor/symfony/security/Symfony/Component/Security/Core/Encoder/EncoderFactory.php line 45 {"exception":"[object] (RuntimeException: No encoder has been configured for account \"ff\". at /Users/kendepelchin/Sites/silex/vendor/symfony/security/Symfony/Component/Security/Core/Encoder/EncoderFactory.php:45)"} []
[2013-05-29 22:26:50] myapp.INFO: < 500 [] []
[2013-05-29 22:26:56] myapp.INFO: > GET /admin [] []
[2013-05-29 22:26:56] myapp.INFO: < 301 [] []
[2013-05-29 22:26:56] myapp.INFO: > GET /admin/ [] []
[2013-05-29 22:26:56] myapp.CRITICAL: LogicException: The controller must return a response (null given). Did you forget to add a return statement somewhere in your controller? (uncaught exception) at /Users/kendepelchin/Sites/silex/vendor/symfony/http-kernel/Symfony/Component/HttpKernel/HttpKernel.php line 147 {"exception":"[object] (LogicException: The controller must return a response (null given). Did you forget to add a return statement somewhere in your controller? at /Users/kendepelchin/Sites/silex/vendor/symfony/http-kernel/Symfony/Component/HttpKernel/HttpKernel.php:147)"} []
[2013-05-29 22:26:56] myapp.INFO: < 500 [] []
[2013-05-29 22:33:22] myapp.INFO: > GET /admin/ [] []
[2013-05-29 22:33:22] myapp.CRITICAL: LogicException: The controller must return a response (null given). Did you forget to add a return statement somewhere in your controller? (uncaught exception) at /Users/kendepelchin/Sites/silex/vendor/symfony/http-kernel/Symfony/Component/HttpKernel/HttpKernel.php line 147 {"exception":"[object] (LogicException: The controller must return a response (null given). Did you forget to add a return statement somewhere in your controller? at /Users/kendepelchin/Sites/silex/vendor/symfony/http-kernel/Symfony/Component/HttpKernel/HttpKernel.php:147)"} []
[2013-05-29 22:33:22] myapp.INFO: < 500 [] []
[2013-05-29 22:33:24] myapp.INFO: > GET / [] []
[2013-05-29 22:33:24] myapp.INFO: < 200 [] []
[2013-05-29 22:33:31] myapp.INFO: > GET / [] []
[2013-05-29 22:34:54] myapp.INFO: > GET / [] []
[2013-05-29 22:42:36] myapp.INFO: > GET / [] []
[2013-05-29 22:42:36] myapp.CRITICAL: Symfony\Component\Security\Core\Exception\AuthenticationCredentialsNotFoundException: The security context contains no authentication token. One possible reason may be that there is no firewall configured for this URL. (uncaught exception) at /Users/kendepelchin/Sites/silex/vendor/symfony/security/Symfony/Component/Security/Core/SecurityContext.php line 61 {"exception":"[object] (Symfony\\Component\\Security\\Core\\Exception\\AuthenticationCredentialsNotFoundException: The security context contains no authentication token. One possible reason may be that there is no firewall configured for this URL. at /Users/kendepelchin/Sites/silex/vendor/symfony/security/Symfony/Component/Security/Core/SecurityContext.php:61)"} []
[2013-05-29 22:42:36] myapp.INFO: < 500 [] []
[2013-05-29 22:42:49] myapp.INFO: > GET /admin [] []
[2013-05-29 22:42:49] myapp.INFO: < 301 [] []
[2013-05-29 22:42:49] myapp.INFO: > GET /admin/ [] []
[2013-05-29 22:42:49] myapp.CRITICAL: LogicException: The controller must return a response (null given). Did you forget to add a return statement somewhere in your controller? (uncaught exception) at /Users/kendepelchin/Sites/silex/vendor/symfony/http-kernel/Symfony/Component/HttpKernel/HttpKernel.php line 147 {"exception":"[object] (LogicException: The controller must return a response (null given). Did you forget to add a return statement somewhere in your controller? at /Users/kendepelchin/Sites/silex/vendor/symfony/http-kernel/Symfony/Component/HttpKernel/HttpKernel.php:147)"} []
[2013-05-29 22:42:49] myapp.INFO: < 500 [] []
[2013-05-29 22:43:04] myapp.INFO: > GET /admin/ [] []
[2013-05-29 22:43:04] myapp.CRITICAL: LogicException: The controller must return a response (null given). Did you forget to add a return statement somewhere in your controller? (uncaught exception) at /Users/kendepelchin/Sites/silex/vendor/symfony/http-kernel/Symfony/Component/HttpKernel/HttpKernel.php line 147 {"exception":"[object] (LogicException: The controller must return a response (null given). Did you forget to add a return statement somewhere in your controller? at /Users/kendepelchin/Sites/silex/vendor/symfony/http-kernel/Symfony/Component/HttpKernel/HttpKernel.php:147)"} []
[2013-05-29 22:43:04] myapp.INFO: < 500 [] []
[2013-05-29 22:45:41] myapp.CRITICAL: RuntimeException: Failed to start the session because headers have already been sent. (uncaught exception) at /Users/kendepelchin/Sites/silex/vendor/symfony/http-foundation/Symfony/Component/HttpFoundation/Session/Storage/NativeSessionStorage.php line 142 {"exception":"[object] (RuntimeException: Failed to start the session because headers have already been sent. at /Users/kendepelchin/Sites/silex/vendor/symfony/http-foundation/Symfony/Component/HttpFoundation/Session/Storage/NativeSessionStorage.php:142)"} []
[2013-05-29 22:45:41] myapp.INFO: < 500 [] []
[2013-05-29 22:45:53] myapp.CRITICAL: RuntimeException: Failed to start the session because headers have already been sent. (uncaught exception) at /Users/kendepelchin/Sites/silex/vendor/symfony/http-foundation/Symfony/Component/HttpFoundation/Session/Storage/NativeSessionStorage.php line 142 {"exception":"[object] (RuntimeException: Failed to start the session because headers have already been sent. at /Users/kendepelchin/Sites/silex/vendor/symfony/http-foundation/Symfony/Component/HttpFoundation/Session/Storage/NativeSessionStorage.php:142)"} []
[2013-05-29 22:45:53] myapp.INFO: < 500 [] []
[2013-05-29 22:46:11] myapp.INFO: > GET /admin/ [] []
[2013-05-29 22:46:11] myapp.CRITICAL: LogicException: The controller must return a response (null given). Did you forget to add a return statement somewhere in your controller? (uncaught exception) at /Users/kendepelchin/Sites/silex/vendor/symfony/http-kernel/Symfony/Component/HttpKernel/HttpKernel.php line 147 {"exception":"[object] (LogicException: The controller must return a response (null given). Did you forget to add a return statement somewhere in your controller? at /Users/kendepelchin/Sites/silex/vendor/symfony/http-kernel/Symfony/Component/HttpKernel/HttpKernel.php:147)"} []
[2013-05-29 22:46:11] myapp.INFO: < 500 [] []
[2013-05-29 22:56:36] myapp.CRITICAL: Symfony\Component\Security\Core\Exception\AuthenticationCredentialsNotFoundException: A Token was not found in the SecurityContext. (uncaught exception) at /Users/kendepelchin/Sites/silex/vendor/symfony/security/Symfony/Component/Security/Http/Firewall/AccessListener.php line 56 {"exception":"[object] (Symfony\\Component\\Security\\Core\\Exception\\AuthenticationCredentialsNotFoundException: A Token was not found in the SecurityContext. at /Users/kendepelchin/Sites/silex/vendor/symfony/security/Symfony/Component/Security/Http/Firewall/AccessListener.php:56)"} []
[2013-05-29 22:56:36] myapp.INFO: < 302 [] []
[2013-05-29 22:56:36] myapp.INFO: > GET /login [] []
[2013-05-29 22:56:36] myapp.INFO: < 200 [] []
[2013-05-29 22:56:38] myapp.INFO: < 302 [] []
[2013-05-29 22:56:39] myapp.INFO: > GET /login [] []
[2013-05-29 22:56:39] myapp.INFO: < 200 [] []
